+ mpicc -acc laplace_hybrd.c -Minfo=accel -fast
main:
    136, Generating copy(Temperature_last[:ROWS+1][:COLUMNS+1])
         Generating create(Temperature[:ROWS+1][:COLUMNS+1])
    142, Complex loop carried dependence of Temperature_last->->,Temperature->-> prevents parallelization
         Accelerator scalar kernel generated
         Accelerator kernel generated
         Generating Tesla code
        142, #pragma acc loop seq
        143, #pragma acc loop seq
    142, Complex loop carried dependence of Temperature->-> prevents parallelization
    143, Complex loop carried dependence of Temperature_last->->,Temperature->-> prevents parallelization
    151, Accelerator clause: upper bound for dimension 1 of array 'Temperature_last,Temperature' is unknown
         Accelerator clause: upper bound for dimension 0 of array 'Temperature' is unknown
         Generating update self(Temperature_last[:1][:1],Temperature[:1][:1])
         Accelerator clause: upper bound for dimension 0 of array 'Temperature_last' is unknown
    211, Accelerator clause: upper bound for dimension 1 of array 'Temperature_last' is unknown
         Accelerator clause: upper bound for dimension 0 of array 'Temperature_last' is unknown
         Generating update device(Temperature_last[:1][:1])
    215, Complex loop carried dependence of Temperature->->,Temperature_last->-> prevents parallelization
         Accelerator scalar kernel generated
         Accelerator kernel generated
         Generating Tesla code
        215, #pragma acc loop seq
        216, #pragma acc loop seq
    215, Complex loop carried dependence of Temperature->-> prevents parallelization
    216, Complex loop carried dependence of Temperature->->,Temperature_last->-> prevents parallelization
+ export I_MPI_JOB_RESPECT_PROCESS_PLACEMENT=0
+ I_MPI_JOB_RESPECT_PROCESS_PLACEMENT=0
+ mpirun -np 25 ./a.out
---------- Iteration number: 100 ------------
[9995,1995]:  7.92  [9996,1996]:  9.59  [9997,1997]: 11.43  [9998,1998]: 13.43  [9999,1999]: 15.54  [10000,2000]: 17.75  
---------- Iteration number: 200 ------------
[9995,1995]: 10.95  [9996,1996]: 12.32  [9997,1997]: 13.77  [9998,1998]: 15.27  [9999,1999]: 16.82  [10000,2000]: 18.40  
---------- Iteration number: 300 ------------
[9995,1995]: 12.45  [9996,1996]: 13.63  [9997,1997]: 14.86  [9998,1998]: 16.11  [9999,1999]: 17.39  [10000,2000]: 18.69  
---------- Iteration number: 400 ------------
[9995,1995]: 13.39  [9996,1996]: 14.44  [9997,1997]: 15.52  [9998,1998]: 16.62  [9999,1999]: 17.74  [10000,2000]: 18.87  
---------- Iteration number: 500 ------------
[9995,1995]: 14.05  [9996,1996]: 15.00  [9997,1997]: 15.98  [9998,1998]: 16.97  [9999,1999]: 17.97  [10000,2000]: 18.99  
---------- Iteration number: 600 ------------
[9995,1995]: 14.54  [9996,1996]: 15.42  [9997,1997]: 16.32  [9998,1998]: 17.23  [9999,1999]: 18.15  [10000,2000]: 19.07  
---------- Iteration number: 700 ------------
[9995,1995]: 14.93  [9996,1996]: 15.75  [9997,1997]: 16.58  [9998,1998]: 17.43  [9999,1999]: 18.28  [10000,2000]: 19.14  
---------- Iteration number: 800 ------------
[9995,1995]: 15.24  [9996,1996]: 16.01  [9997,1997]: 16.80  [9998,1998]: 17.59  [9999,1999]: 18.39  [10000,2000]: 19.20  
---------- Iteration number: 900 ------------
[9995,1995]: 15.50  [9996,1996]: 16.24  [9997,1997]: 16.98  [9998,1998]: 17.73  [9999,1999]: 18.48  [10000,2000]: 19.24  
---------- Iteration number: 1000 ------------
[9995,1995]: 15.72  [9996,1996]: 16.42  [9997,1997]: 17.13  [9998,1998]: 17.84  [9999,1999]: 18.56  [10000,2000]: 19.28  
---------- Iteration number: 1100 ------------
[9995,1995]: 15.92  [9996,1996]: 16.58  [9997,1997]: 17.26  [9998,1998]: 17.94  [9999,1999]: 18.63  [10000,2000]: 19.31  
---------- Iteration number: 1200 ------------
[9995,1995]: 16.08  [9996,1996]: 16.73  [9997,1997]: 17.37  [9998,1998]: 18.03  [9999,1999]: 18.68  [10000,2000]: 19.34  
---------- Iteration number: 1300 ------------
[9995,1995]: 16.23  [9996,1996]: 16.85  [9997,1997]: 17.47  [9998,1998]: 18.10  [9999,1999]: 18.73  [10000,2000]: 19.37  
---------- Iteration number: 1400 ------------
[9995,1995]: 16.37  [9996,1996]: 16.96  [9997,1997]: 17.56  [9998,1998]: 18.17  [9999,1999]: 18.78  [10000,2000]: 19.39  
---------- Iteration number: 1500 ------------
[9995,1995]: 16.48  [9996,1996]: 17.06  [9997,1997]: 17.64  [9998,1998]: 18.23  [9999,1999]: 18.82  [10000,2000]: 19.41  
---------- Iteration number: 1600 ------------
[9995,1995]: 16.59  [9996,1996]: 17.15  [9997,1997]: 17.72  [9998,1998]: 18.29  [9999,1999]: 18.86  [10000,2000]: 19.43  
---------- Iteration number: 1700 ------------
[9995,1995]: 16.69  [9996,1996]: 17.24  [9997,1997]: 17.78  [9998,1998]: 18.34  [9999,1999]: 18.89  [10000,2000]: 19.45  
---------- Iteration number: 1800 ------------
[9995,1995]: 16.78  [9996,1996]: 17.31  [9997,1997]: 17.85  [9998,1998]: 18.38  [9999,1999]: 18.92  [10000,2000]: 19.46  
---------- Iteration number: 1900 ------------
[9995,1995]: 16.86  [9996,1996]: 17.38  [9997,1997]: 17.90  [9998,1998]: 18.42  [9999,1999]: 18.95  [10000,2000]: 19.48  
---------- Iteration number: 2000 ------------
[9995,1995]: 16.94  [9996,1996]: 17.45  [9997,1997]: 17.95  [9998,1998]: 18.46  [9999,1999]: 18.98  [10000,2000]: 19.49  
---------- Iteration number: 2100 ------------
[9995,1995]: 17.01  [9996,1996]: 17.51  [9997,1997]: 18.00  [9998,1998]: 18.50  [9999,1999]: 19.00  [10000,2000]: 19.50  
---------- Iteration number: 2200 ------------
[9995,1995]: 17.08  [9996,1996]: 17.56  [9997,1997]: 18.05  [9998,1998]: 18.53  [9999,1999]: 19.02  [10000,2000]: 19.51  
---------- Iteration number: 2300 ------------
[9995,1995]: 17.14  [9996,1996]: 17.61  [9997,1997]: 18.09  [9998,1998]: 18.56  [9999,1999]: 19.04  [10000,2000]: 19.52  
---------- Iteration number: 2400 ------------
[9995,1995]: 17.20  [9996,1996]: 17.66  [9997,1997]: 18.13  [9998,1998]: 18.59  [9999,1999]: 19.06  [10000,2000]: 19.53  
---------- Iteration number: 2500 ------------
[9995,1995]: 17.26  [9996,1996]: 17.71  [9997,1997]: 18.16  [9998,1998]: 18.62  [9999,1999]: 19.08  [10000,2000]: 19.54  
---------- Iteration number: 2600 ------------
[9995,1995]: 17.31  [9996,1996]: 17.75  [9997,1997]: 18.20  [9998,1998]: 18.65  [9999,1999]: 19.10  [10000,2000]: 19.55  
---------- Iteration number: 2700 ------------
[9995,1995]: 17.36  [9996,1996]: 17.79  [9997,1997]: 18.23  [9998,1998]: 18.67  [9999,1999]: 19.12  [10000,2000]: 19.56  
---------- Iteration number: 2800 ------------
[9995,1995]: 17.40  [9996,1996]: 17.83  [9997,1997]: 18.26  [9998,1998]: 18.70  [9999,1999]: 19.13  [10000,2000]: 19.57  
---------- Iteration number: 2900 ------------
[9995,1995]: 17.45  [9996,1996]: 17.87  [9997,1997]: 18.29  [9998,1998]: 18.72  [9999,1999]: 19.15  [10000,2000]: 19.57  
---------- Iteration number: 3000 ------------
[9995,1995]: 17.49  [9996,1996]: 17.90  [9997,1997]: 18.32  [9998,1998]: 18.74  [9999,1999]: 19.16  [10000,2000]: 19.58  
---------- Iteration number: 3100 ------------
[9995,1995]: 17.53  [9996,1996]: 17.94  [9997,1997]: 18.35  [9998,1998]: 18.76  [9999,1999]: 19.17  [10000,2000]: 19.59  
---------- Iteration number: 3200 ------------
[9995,1995]: 17.56  [9996,1996]: 17.97  [9997,1997]: 18.37  [9998,1998]: 18.78  [9999,1999]: 19.19  [10000,2000]: 19.59  
---------- Iteration number: 3300 ------------
[9995,1995]: 17.60  [9996,1996]: 18.00  [9997,1997]: 18.40  [9998,1998]: 18.80  [9999,1999]: 19.20  [10000,2000]: 19.60  
---------- Iteration number: 3400 ------------
[9995,1995]: 17.64  [9996,1996]: 18.03  [9997,1997]: 18.42  [9998,1998]: 18.81  [9999,1999]: 19.21  [10000,2000]: 19.61  
---------- Iteration number: 3500 ------------
[9995,1995]: 17.67  [9996,1996]: 18.05  [9997,1997]: 18.44  [9998,1998]: 18.83  [9999,1999]: 19.22  [10000,2000]: 19.61  

Max error at iteration 3578 was 0.009998
Total time was 164.407041 seconds.
