+ mpicc -acc laplace_hybrd.c -Minfo=accel -fast
main:
    136, Generating copy(Temperature_last[:ROWS+1][:COLUMNS+1])
         Generating create(Temperature[:ROWS+1][:COLUMNS+1])
    143, Loop is parallelizable
    145, Loop is parallelizable
         Accelerator kernel generated
         Generating Tesla code
        143, #pragma acc loop gang, vector(4) /* blockIdx.y threadIdx.y */
        145, #pragma acc loop gang, vector(32) /* blockIdx.x threadIdx.x */
    155, Generating update self(Temperature[1:ROWS][1],Temperature[ROWS][1:COLUMNS],Temperature[1][1:COLUMNS],Temperature[1:ROWS][COLUMNS])
    215, Generating update device(Temperature_last[1:ROWS][:1],Temperature_last[ROWS+1][1:COLUMNS],Temperature_last[:1][1:COLUMNS],Temperature_last[1:ROWS][COLUMNS+1])
    219, Loop is parallelizable
    221, Loop is parallelizable
         Accelerator kernel generated
         Generating Tesla code
        219, #pragma acc loop gang, vector(4) /* blockIdx.y threadIdx.y */
        221, #pragma acc loop gang, vector(32) /* blockIdx.x threadIdx.x */
        222, Generating implicit reduction(max:dt)
+ export I_MPI_JOB_RESPECT_PROCESS_PLACEMENT=0
+ I_MPI_JOB_RESPECT_PROCESS_PLACEMENT=0
+ mpirun -np 4 ./a.out
---------- Iteration number: 100 ------------
[9995,4995]: 19.85  [9996,4996]: 24.01  [9997,4997]: 28.61  [9998,4998]: 33.59  [9999,4999]: 38.88  [10000,5000]: 44.39  
---------- Iteration number: 200 ------------
[9995,4995]: 27.42  [9996,4996]: 30.85  [9997,4997]: 34.45  [9998,4998]: 38.20  [9999,4999]: 42.07  [10000,5000]: 46.02  
---------- Iteration number: 300 ------------
[9995,4995]: 31.19  [9996,4996]: 34.14  [9997,4997]: 37.18  [9998,4998]: 40.31  [9999,4999]: 43.51  [10000,5000]: 46.74  
---------- Iteration number: 400 ------------
[9995,4995]: 33.54  [9996,4996]: 36.16  [9997,4997]: 38.84  [9998,4998]: 41.58  [9999,4999]: 44.37  [10000,5000]: 47.18  
---------- Iteration number: 500 ------------
[9995,4995]: 35.18  [9996,4996]: 37.56  [9997,4997]: 39.99  [9998,4998]: 42.46  [9999,4999]: 44.95  [10000,5000]: 47.47  
---------- Iteration number: 600 ------------
[9995,4995]: 36.42  [9996,4996]: 38.61  [9997,4997]: 40.84  [9998,4998]: 43.10  [9999,4999]: 45.39  [10000,5000]: 47.69  
---------- Iteration number: 700 ------------
[9995,4995]: 37.38  [9996,4996]: 39.43  [9997,4997]: 41.51  [9998,4998]: 43.61  [9999,4999]: 45.73  [10000,5000]: 47.86  
---------- Iteration number: 800 ------------
[9995,4995]: 38.17  [9996,4996]: 40.09  [9997,4997]: 42.05  [9998,4998]: 44.02  [9999,4999]: 46.00  [10000,5000]: 48.00  
---------- Iteration number: 900 ------------
[9995,4995]: 38.82  [9996,4996]: 40.65  [9997,4997]: 42.49  [9998,4998]: 44.35  [9999,4999]: 46.23  [10000,5000]: 48.11  
