+ mpicc laplace_MPI_test2.c -fast
+ export I_MPI_JOB_RESPECT_PROCESS_PLACEMENT=0
+ I_MPI_JOB_RESPECT_PROCESS_PLACEMENT=0
+ mpirun -np 25 ./a.out
---------- Iteration number: 100 ------------
[9995,9995]: 63.69  [9996,9996]: 73.03  [9997,9997]: 81.73  [9998,9998]: 89.24  [9999,9999]: 95.05  [10000,10000]: 98.73  
---------- Iteration number: 200 ------------
[9995,9995]: 79.62  [9996,9996]: 85.33  [9997,9997]: 90.32  [9998,9998]: 94.41  [9999,9999]: 97.46  [10000,10000]: 99.35  
---------- Iteration number: 300 ------------
[9995,9995]: 85.84  [9996,9996]: 89.91  [9997,9997]: 93.40  [9998,9998]: 96.22  [9999,9999]: 98.29  [10000,10000]: 99.56  
---------- Iteration number: 400 ------------
[9995,9995]: 89.14  [9996,9996]: 92.31  [9997,9997]: 94.99  [9998,9998]: 97.13  [9999,9999]: 98.70  [10000,10000]: 99.66  
---------- Iteration number: 500 ------------
[9995,9995]: 91.19  [9996,9996]: 93.78  [9997,9997]: 95.95  [9998,9998]: 97.69  [9999,9999]: 98.95  [10000,10000]: 99.73  
---------- Iteration number: 600 ------------
[9995,9995]: 92.58  [9996,9996]: 94.77  [9997,9997]: 96.60  [9998,9998]: 98.06  [9999,9999]: 99.12  [10000,10000]: 99.77  
---------- Iteration number: 700 ------------
[9995,9995]: 93.59  [9996,9996]: 95.49  [9997,9997]: 97.07  [9998,9998]: 98.33  [9999,9999]: 99.24  [10000,10000]: 99.80  
---------- Iteration number: 800 ------------
[9995,9995]: 94.35  [9996,9996]: 96.03  [9997,9997]: 97.42  [9998,9998]: 98.53  [9999,9999]: 99.33  [10000,10000]: 99.82  
---------- Iteration number: 900 ------------
[9995,9995]: 94.95  [9996,9996]: 96.45  [9997,9997]: 97.70  [9998,9998]: 98.68  [9999,9999]: 99.40  [10000,10000]: 99.84  
---------- Iteration number: 1000 ------------
[9995,9995]: 95.43  [9996,9996]: 96.79  [9997,9997]: 97.92  [9998,9998]: 98.81  [9999,9999]: 99.46  [10000,10000]: 99.85  
---------- Iteration number: 1100 ------------
[9995,9995]: 95.83  [9996,9996]: 97.07  [9997,9997]: 98.10  [9998,9998]: 98.91  [9999,9999]: 99.50  [10000,10000]: 99.87  
---------- Iteration number: 1200 ------------
[9995,9995]: 96.16  [9996,9996]: 97.30  [9997,9997]: 98.25  [9998,9998]: 99.00  [9999,9999]: 99.54  [10000,10000]: 99.87  
---------- Iteration number: 1300 ------------
[9995,9995]: 96.44  [9996,9996]: 97.50  [9997,9997]: 98.38  [9998,9998]: 99.07  [9999,9999]: 99.57  [10000,10000]: 99.88  
---------- Iteration number: 1400 ------------
[9995,9995]: 96.68  [9996,9996]: 97.67  [9997,9997]: 98.49  [9998,9998]: 99.13  [9999,9999]: 99.60  [10000,10000]: 99.89  
---------- Iteration number: 1500 ------------
[9995,9995]: 96.90  [9996,9996]: 97.82  [9997,9997]: 98.58  [9998,9998]: 99.18  [9999,9999]: 99.62  [10000,10000]: 99.90  
---------- Iteration number: 1600 ------------
[9995,9995]: 97.08  [9996,9996]: 97.95  [9997,9997]: 98.66  [9998,9998]: 99.23  [9999,9999]: 99.64  [10000,10000]: 99.90  
---------- Iteration number: 1700 ------------
[9995,9995]: 97.24  [9996,9996]: 98.06  [9997,9997]: 98.74  [9998,9998]: 99.27  [9999,9999]: 99.66  [10000,10000]: 99.91  
---------- Iteration number: 1800 ------------
[9995,9995]: 97.39  [9996,9996]: 98.16  [9997,9997]: 98.80  [9998,9998]: 99.31  [9999,9999]: 99.68  [10000,10000]: 99.91  
---------- Iteration number: 1900 ------------
[9995,9995]: 97.52  [9996,9996]: 98.25  [9997,9997]: 98.86  [9998,9998]: 99.34  [9999,9999]: 99.69  [10000,10000]: 99.91  
---------- Iteration number: 2000 ------------
[9995,9995]: 97.63  [9996,9996]: 98.33  [9997,9997]: 98.92  [9998,9998]: 99.37  [9999,9999]: 99.71  [10000,10000]: 99.92  
---------- Iteration number: 2100 ------------
[9995,9995]: 97.74  [9996,9996]: 98.41  [9997,9997]: 98.96  [9998,9998]: 99.40  [9999,9999]: 99.72  [10000,10000]: 99.92  
---------- Iteration number: 2200 ------------
[9995,9995]: 97.84  [9996,9996]: 98.48  [9997,9997]: 99.01  [9998,9998]: 99.43  [9999,9999]: 99.73  [10000,10000]: 99.92  
---------- Iteration number: 2300 ------------
[9995,9995]: 97.93  [9996,9996]: 98.54  [9997,9997]: 99.05  [9998,9998]: 99.45  [9999,9999]: 99.74  [10000,10000]: 99.93  
---------- Iteration number: 2400 ------------
[9995,9995]: 98.01  [9996,9996]: 98.59  [9997,9997]: 99.08  [9998,9998]: 99.47  [9999,9999]: 99.75  [10000,10000]: 99.93  
---------- Iteration number: 2500 ------------
[9995,9995]: 98.08  [9996,9996]: 98.65  [9997,9997]: 99.12  [9998,9998]: 99.49  [9999,9999]: 99.76  [10000,10000]: 99.93  
---------- Iteration number: 2600 ------------
[9995,9995]: 98.15  [9996,9996]: 98.70  [9997,9997]: 99.15  [9998,9998]: 99.50  [9999,9999]: 99.77  [10000,10000]: 99.93  
---------- Iteration number: 2700 ------------
[9995,9995]: 98.21  [9996,9996]: 98.74  [9997,9997]: 99.18  [9998,9998]: 99.52  [9999,9999]: 99.77  [10000,10000]: 99.93  
---------- Iteration number: 2800 ------------
[9995,9995]: 98.27  [9996,9996]: 98.78  [9997,9997]: 99.20  [9998,9998]: 99.54  [9999,9999]: 99.78  [10000,10000]: 99.93  
---------- Iteration number: 2900 ------------
[9995,9995]: 98.33  [9996,9996]: 98.82  [9997,9997]: 99.23  [9998,9998]: 99.55  [9999,9999]: 99.79  [10000,10000]: 99.94  
---------- Iteration number: 3000 ------------
[9995,9995]: 98.38  [9996,9996]: 98.86  [9997,9997]: 99.25  [9998,9998]: 99.56  [9999,9999]: 99.79  [10000,10000]: 99.94  
---------- Iteration number: 3100 ------------
[9995,9995]: 98.43  [9996,9996]: 98.89  [9997,9997]: 99.27  [9998,9998]: 99.57  [9999,9999]: 99.80  [10000,10000]: 99.94  
---------- Iteration number: 3200 ------------
[9995,9995]: 98.47  [9996,9996]: 98.92  [9997,9997]: 99.29  [9998,9998]: 99.59  [9999,9999]: 99.80  [10000,10000]: 99.94  
---------- Iteration number: 3300 ------------
[9995,9995]: 98.52  [9996,9996]: 98.95  [9997,9997]: 99.31  [9998,9998]: 99.60  [9999,9999]: 99.81  [10000,10000]: 99.94  
---------- Iteration number: 3400 ------------
[9995,9995]: 98.56  [9996,9996]: 98.98  [9997,9997]: 99.33  [9998,9998]: 99.61  [9999,9999]: 99.81  [10000,10000]: 99.94  
---------- Iteration number: 3500 ------------
[9995,9995]: 98.59  [9996,9996]: 99.00  [9997,9997]: 99.35  [9998,9998]: 99.62  [9999,9999]: 99.82  [10000,10000]: 99.94  

Max error at iteration 3578 was 0.009998
Total time was 163.691367 seconds.
