+ mpicc -acc laplace_hybrd.c -Minfo=accel -fast
main:
    136, Generating create(Temperature[:ROWS+1][:COLUMNS+1])
         Generating copy(Temperature_last[:ROWS+1][:COLUMNS+1])
    143, Loop is parallelizable
    145, Loop is parallelizable
         Accelerator kernel generated
         Generating Tesla code
        143, #pragma acc loop gang, vector(4) /* blockIdx.y threadIdx.y */
        145, #pragma acc loop gang, vector(32) /* blockIdx.x threadIdx.x */
    153, Accelerator clause: upper bound for dimension 1 of array 'Temperature,Temperature_last' is unknown
         Accelerator clause: upper bound for dimension 0 of array 'Temperature' is unknown
         Generating update self(Temperature_last[:1][:1],Temperature[:1][:1])
         Accelerator clause: upper bound for dimension 0 of array 'Temperature_last' is unknown
    213, Accelerator clause: upper bound for dimension 1 of array 'Temperature_last' is unknown
         Accelerator clause: upper bound for dimension 0 of array 'Temperature_last' is unknown
         Generating update device(Temperature_last[:1][:1])
    217, Loop is parallelizable
    219, Loop is parallelizable
         Accelerator kernel generated
         Generating Tesla code
        217, #pragma acc loop gang, vector(4) /* blockIdx.y threadIdx.y */
        219, #pragma acc loop gang, vector(32) /* blockIdx.x threadIdx.x */
        220, Generating implicit reduction(max:dt)
+ export I_MPI_JOB_RESPECT_PROCESS_PLACEMENT=0
+ I_MPI_JOB_RESPECT_PROCESS_PLACEMENT=0
+ mpirun -np 4 ./a.out
---------- Iteration number: 100 ------------
[9995,4995]: 19.85  [9996,4996]: 24.01  [9997,4997]: 28.61  [9998,4998]: 33.59  [9999,4999]: 38.88  [10000,5000]: 44.39  
---------- Iteration number: 200 ------------
[9995,4995]: 27.42  [9996,4996]: 30.85  [9997,4997]: 34.45  [9998,4998]: 38.20  [9999,4999]: 42.07  [10000,5000]: 46.02  
---------- Iteration number: 300 ------------
[9995,4995]: 31.19  [9996,4996]: 34.14  [9997,4997]: 37.18  [9998,4998]: 40.31  [9999,4999]: 43.51  [10000,5000]: 46.74  
---------- Iteration number: 400 ------------
[9995,4995]: 33.54  [9996,4996]: 36.16  [9997,4997]: 38.84  [9998,4998]: 41.58  [9999,4999]: 44.37  [10000,5000]: 47.18  
---------- Iteration number: 500 ------------
[9995,4995]: 35.18  [9996,4996]: 37.56  [9997,4997]: 39.99  [9998,4998]: 42.46  [9999,4999]: 44.95  [10000,5000]: 47.47  
---------- Iteration number: 600 ------------
[9995,4995]: 36.42  [9996,4996]: 38.61  [9997,4997]: 40.84  [9998,4998]: 43.10  [9999,4999]: 45.39  [10000,5000]: 47.69  
---------- Iteration number: 700 ------------
[9995,4995]: 37.38  [9996,4996]: 39.43  [9997,4997]: 41.51  [9998,4998]: 43.61  [9999,4999]: 45.73  [10000,5000]: 47.86  
---------- Iteration number: 800 ------------
[9995,4995]: 38.17  [9996,4996]: 40.09  [9997,4997]: 42.05  [9998,4998]: 44.02  [9999,4999]: 46.00  [10000,5000]: 48.00  
---------- Iteration number: 900 ------------
[9995,4995]: 38.82  [9996,4996]: 40.65  [9997,4997]: 42.49  [9998,4998]: 44.35  [9999,4999]: 46.23  [10000,5000]: 48.11  
---------- Iteration number: 1000 ------------
[9995,4995]: 39.38  [9996,4996]: 41.12  [9997,4997]: 42.87  [9998,4998]: 44.64  [9999,4999]: 46.42  [10000,5000]: 48.21  
---------- Iteration number: 1100 ------------
[9995,4995]: 39.86  [9996,4996]: 41.52  [9997,4997]: 43.20  [9998,4998]: 44.89  [9999,4999]: 46.59  [10000,5000]: 48.29  
---------- Iteration number: 1200 ------------
[9995,4995]: 40.28  [9996,4996]: 41.87  [9997,4997]: 43.48  [9998,4998]: 45.10  [9999,4999]: 46.73  [10000,5000]: 48.37  
---------- Iteration number: 1300 ------------
[9995,4995]: 40.65  [9996,4996]: 42.19  [9997,4997]: 43.73  [9998,4998]: 45.29  [9999,4999]: 46.86  [10000,5000]: 48.43  
---------- Iteration number: 1400 ------------
[9995,4995]: 40.98  [9996,4996]: 42.47  [9997,4997]: 43.96  [9998,4998]: 45.46  [9999,4999]: 46.97  [10000,5000]: 48.49  
---------- Iteration number: 1500 ------------
[9995,4995]: 41.28  [9996,4996]: 42.72  [9997,4997]: 44.16  [9998,4998]: 45.61  [9999,4999]: 47.07  [10000,5000]: 48.54  
---------- Iteration number: 1600 ------------
[9995,4995]: 41.55  [9996,4996]: 42.94  [9997,4997]: 44.34  [9998,4998]: 45.75  [9999,4999]: 47.17  [10000,5000]: 48.58  
---------- Iteration number: 1700 ------------
[9995,4995]: 41.80  [9996,4996]: 43.15  [9997,4997]: 44.51  [9998,4998]: 45.88  [9999,4999]: 47.25  [10000,5000]: 48.63  
---------- Iteration number: 1800 ------------
[9995,4995]: 42.03  [9996,4996]: 43.34  [9997,4997]: 44.66  [9998,4998]: 45.99  [9999,4999]: 47.33  [10000,5000]: 48.66  
---------- Iteration number: 1900 ------------
[9995,4995]: 42.24  [9996,4996]: 43.52  [9997,4997]: 44.80  [9998,4998]: 46.10  [9999,4999]: 47.40  [10000,5000]: 48.70  
---------- Iteration number: 2000 ------------
[9995,4995]: 42.43  [9996,4996]: 43.68  [9997,4997]: 44.93  [9998,4998]: 46.20  [9999,4999]: 47.46  [10000,5000]: 48.73  
---------- Iteration number: 2100 ------------
[9995,4995]: 42.61  [9996,4996]: 43.83  [9997,4997]: 45.05  [9998,4998]: 46.29  [9999,4999]: 47.52  [10000,5000]: 48.76  
---------- Iteration number: 2200 ------------
[9995,4995]: 42.77  [9996,4996]: 43.97  [9997,4997]: 45.17  [9998,4998]: 46.37  [9999,4999]: 47.58  [10000,5000]: 48.79  
---------- Iteration number: 2300 ------------
[9995,4995]: 42.93  [9996,4996]: 44.10  [9997,4997]: 45.27  [9998,4998]: 46.45  [9999,4999]: 47.63  [10000,5000]: 48.82  
---------- Iteration number: 2400 ------------
[9995,4995]: 43.08  [9996,4996]: 44.22  [9997,4997]: 45.37  [9998,4998]: 46.52  [9999,4999]: 47.68  [10000,5000]: 48.84  
---------- Iteration number: 2500 ------------
[9995,4995]: 43.21  [9996,4996]: 44.34  [9997,4997]: 45.46  [9998,4998]: 46.59  [9999,4999]: 47.73  [10000,5000]: 48.87  
---------- Iteration number: 2600 ------------
[9995,4995]: 43.34  [9996,4996]: 44.44  [9997,4997]: 45.55  [9998,4998]: 46.66  [9999,4999]: 47.77  [10000,5000]: 48.89  
---------- Iteration number: 2700 ------------
[9995,4995]: 43.46  [9996,4996]: 44.55  [9997,4997]: 45.63  [9998,4998]: 46.72  [9999,4999]: 47.81  [10000,5000]: 48.91  
---------- Iteration number: 2800 ------------
[9995,4995]: 43.58  [9996,4996]: 44.64  [9997,4997]: 45.71  [9998,4998]: 46.78  [9999,4999]: 47.85  [10000,5000]: 48.93  
---------- Iteration number: 2900 ------------
[9995,4995]: 43.69  [9996,4996]: 44.73  [9997,4997]: 45.78  [9998,4998]: 46.83  [9999,4999]: 47.89  [10000,5000]: 48.95  
---------- Iteration number: 3000 ------------
[9995,4995]: 43.79  [9996,4996]: 44.82  [9997,4997]: 45.85  [9998,4998]: 46.89  [9999,4999]: 47.92  [10000,5000]: 48.96  
---------- Iteration number: 3100 ------------
[9995,4995]: 43.89  [9996,4996]: 44.90  [9997,4997]: 45.92  [9998,4998]: 46.94  [9999,4999]: 47.96  [10000,5000]: 48.98  
---------- Iteration number: 3200 ------------
[9995,4995]: 43.99  [9996,4996]: 44.98  [9997,4997]: 45.98  [9998,4998]: 46.99  [9999,4999]: 47.99  [10000,5000]: 49.00  
---------- Iteration number: 3300 ------------
[9995,4995]: 44.08  [9996,4996]: 45.06  [9997,4997]: 46.04  [9998,4998]: 47.03  [9999,4999]: 48.02  [10000,5000]: 49.01  
---------- Iteration number: 3400 ------------
[9995,4995]: 44.16  [9996,4996]: 45.13  [9997,4997]: 46.10  [9998,4998]: 47.07  [9999,4999]: 48.05  [10000,5000]: 49.03  
---------- Iteration number: 3500 ------------
[9995,4995]: 44.25  [9996,4996]: 45.20  [9997,4997]: 46.16  [9998,4998]: 47.12  [9999,4999]: 48.08  [10000,5000]: 49.04  

Max error at iteration 3578 was 0.009998
Total time was 436.541858 seconds.
